Log file open, 10/24/23 15:33:11
LogWindows: Failed to load 'aqProf.dll' (GetLastError=126)
LogWindows: File 'aqProf.dll' does not exist
LogWindows: Failed to load 'VtuneApi.dll' (GetLastError=126)
LogWindows: File 'VtuneApi.dll' does not exist
LogWindows: Failed to load 'VtuneApi32e.dll' (GetLastError=126)
LogWindows: File 'VtuneApi32e.dll' does not exist
LogConsoleResponse: Display: Failed to find resolution value strings in scalability ini. Falling back to default.
LogInit: Display: Running engine for game: Practise4UE
LogPakFile: Registered encryption key '00000000000000000000000000000000': 0 pak files mounted, 0 remain pending
LogPlatformFile: Not using cached read wrapper
LogTaskGraph: Started task graph with 5 named threads and 23 total threads with 3 sets of task threads.
LogStats: Stats thread started at 0.399412
LogD3D11RHI: Loaded GFSDK_Aftermath_Lib.x64.dll
LogICUInternationalization: ICU TimeZone Detection - Raw Offset: +3:00, Platform Override: ''
LogPluginManager: Mounting plugin Paper2D
LogPluginManager: Mounting plugin AISupport
LogPluginManager: Mounting plugin LightPropagationVolume
LogPluginManager: Mounting plugin ActorLayerUtilities
LogPluginManager: Mounting plugin AnimationSharing
LogPluginManager: Mounting plugin CLionSourceCodeAccess
LogPluginManager: Mounting plugin CodeLiteSourceCodeAccess
LogPluginManager: Mounting plugin GitSourceControl
LogPluginManager: Mounting plugin KDevelopSourceCodeAccess
LogPluginManager: Mounting plugin NullSourceCodeAccess
LogPluginManager: Mounting plugin PerforceSourceControl
LogPluginManager: Mounting plugin SubversionSourceControl
LogPluginManager: Mounting plugin UObjectPlugin
LogPluginManager: Mounting plugin VisualStudioCodeSourceCodeAccess
LogPluginManager: Mounting plugin VisualStudioSourceCodeAccess
LogPluginManager: Mounting plugin XCodeSourceCodeAccess
LogPluginManager: Mounting plugin AssetManagerEditor
LogPluginManager: Mounting plugin CryptoKeys
LogPluginManager: Mounting plugin DataValidation
LogPluginManager: Mounting plugin FacialAnimation
LogPluginManager: Mounting plugin GameplayTagsEditor
LogPluginManager: Mounting plugin MacGraphicsSwitching
LogPluginManager: Mounting plugin MaterialAnalyzer
LogPluginManager: Mounting plugin MobileLauncherProfileWizard
LogPluginManager: Mounting plugin PluginBrowser
LogPluginManager: Mounting plugin SpeedTreeImporter
LogPluginManager: Mounting plugin DatasmithContent
LogPluginManager: Mounting plugin VariantManagerContent
LogPluginManager: Mounting plugin AlembicImporter
LogPluginManager: Mounting plugin AppleImageUtils
LogPluginManager: Mounting plugin AppleVision
LogPluginManager: Mounting plugin BackChannel
LogPluginManager: Mounting plugin CharacterAI
LogPluginManager: Mounting plugin GeometryCache
LogPluginManager: Mounting plugin HTML5Networking
LogPluginManager: Mounting plugin ProxyLODPlugin
LogPluginManager: Mounting plugin SkeletalReduction
LogPluginManager: Mounting plugin MagicLeap
LogPluginManager: Mounting plugin MagicLeapMedia
LogPluginManager: Mounting plugin AndroidMedia
LogPluginManager: Mounting plugin AvfMedia
LogPluginManager: Mounting plugin ImgMedia
LogPluginManager: Mounting plugin LinearTimecode
LogPluginManager: Mounting plugin MediaCompositing
LogPluginManager: Mounting plugin MediaPlayerEditor
LogPluginManager: Mounting plugin WebMMedia
LogPluginManager: Mounting plugin WmfMedia
LogPluginManager: Mounting plugin TcpMessaging
LogPluginManager: Mounting plugin UdpMessaging
LogPluginManager: Mounting plugin ActorSequence
LogPluginManager: Mounting plugin LevelSequenceEditor
LogPluginManager: Mounting plugin MatineeToLevelSequence
LogPluginManager: Mounting plugin NetcodeUnitTest
LogPluginManager: Mounting plugin NUTUnrealEngine4
LogPluginManager: Mounting plugin OnlineSubsystemGooglePlay
LogPluginManager: Mounting plugin OnlineSubsystemIOS
LogPluginManager: Mounting plugin OnlineSubsystem
LogPluginManager: Mounting plugin OnlineSubsystemNull
LogPluginManager: Mounting plugin OnlineSubsystemUtils
LogPluginManager: Mounting plugin LauncherChunkInstaller
LogPluginManager: Mounting plugin AndroidDeviceProfileSelector
LogPluginManager: Mounting plugin AndroidMoviePlayer
LogPluginManager: Mounting plugin AndroidPermission
LogPluginManager: Mounting plugin AppleMoviePlayer
LogPluginManager: Mounting plugin ArchVisCharacter
LogPluginManager: Mounting plugin AudioCapture
LogPluginManager: Mounting plugin CableComponent
LogPluginManager: Mounting plugin CustomMeshComponent
LogPluginManager: Mounting plugin EditableMesh
LogPluginManager: Mounting plugin ExampleDeviceProfileSelector
LogPluginManager: Mounting plugin Firebase
LogPluginManager: Mounting plugin GoogleCloudMessaging
LogPluginManager: Mounting plugin IOSDeviceProfileSelector
LogPluginManager: Mounting plugin LinuxDeviceProfileSelector
LogPluginManager: Mounting plugin LocationServicesBPLibrary
LogPluginManager: Mounting plugin MobilePatchingUtils
LogPluginManager: Mounting plugin OculusVR
LogPluginManager: Mounting plugin PhysXVehicles
LogPluginManager: Mounting plugin ProceduralMeshComponent
LogPluginManager: Mounting plugin RuntimePhysXCooking
LogPluginManager: Mounting plugin SignificanceManager
LogPluginManager: Mounting plugin SteamVR
LogPluginManager: Mounting plugin WebMMoviePlayer
LogPluginManager: Mounting plugin WindowsMoviePlayer
LogInit: Using libcurl 7.55.1-DEV
LogInit:  - built for x86_64-pc-win32
LogInit:  - supports SSL with OpenSSL/1.1.1
LogInit:  - supports HTTP deflate (compression) using libz 1.2.8
LogInit:  - other features:
LogInit:      CURL_VERSION_SSL
LogInit:      CURL_VERSION_LIBZ
LogInit:      CURL_VERSION_IPV6
LogInit:      CURL_VERSION_ASYNCHDNS
LogInit:      CURL_VERSION_LARGEFILE
LogInit:      CURL_VERSION_IDN
LogInit:  CurlRequestOptions (configurable via config and command line):
LogInit:  - bVerifyPeer = true  - Libcurl will verify peer certificate
LogInit:  - bUseHttpProxy = false  - Libcurl will NOT use HTTP proxy
LogInit:  - bDontReuseConnections = false  - Libcurl will reuse connections
LogInit:  - MaxHostConnections = 16  - Libcurl will limit the number of connections to a host
LogInit:  - LocalHostAddr = Default
LogInit:  - BufferSize = 65536
LogInit: WinSock: version 1.1 (2.2), MaxSocks=32767, MaxUdp=65467
LogInit: Build: ++UE4+Release-4.22-CL-7053642
LogInit: Engine Version: 4.22.3-7053642+++UE4+Release-4.22
LogInit: Compatible Engine Version: 4.22.0-5660361+++UE4+Release-4.22
LogInit: Net CL: 5660361
LogInit: OS: Windows 10 (Release 2009) (), CPU: AMD Ryzen 5 3500U with Radeon Vega Mobile Gfx  , GPU: AMD Radeon(TM) Vega 8 Graphics
LogInit: Compiled (64-bit): Jun 18 2019 03:09:11
LogInit: Compiled with Visual C++: 19.16.27025.01
LogInit: Build Configuration: Development
LogInit: Branch Name: ++UE4+Release-4.22
LogInit: Command Line: 
LogInit: Base Directory: D:/Unreal Engine/UE_4.22/Engine/Binaries/Win64/
LogInit: Installed Engine Build: 1
LogDevObjectVersion: Number of dev versions registered: 23
LogDevObjectVersion:   Dev-Blueprints (B0D832E4-1F89-4F0D-ACCF-7EB736FD4AA2): 10
LogDevObjectVersion:   Dev-Build (E1C64328-A22C-4D53-A36C-8E866417BD8C): 0
LogDevObjectVersion:   Dev-Core (375EC13C-06E4-48FB-B500-84F0262A717E): 3
LogDevObjectVersion:   Dev-Editor (E4B068ED-F494-42E9-A231-DA0B2E46BB41): 30
LogDevObjectVersion:   Dev-Framework (CFFC743F-43B0-4480-9391-14DF171D2073): 35
LogDevObjectVersion:   Dev-Mobile (B02B49B5-BB20-44E9-A304-32B752E40360): 2
LogDevObjectVersion:   Dev-Networking (A4E4105C-59A1-49B5-A7C5-40C4547EDFEE): 0
LogDevObjectVersion:   Dev-Online (39C831C9-5AE6-47DC-9A44-9C173E1C8E7C): 0
LogDevObjectVersion:   Dev-Physics (78F01B33-EBEA-4F98-B9B4-84EACCB95AA2): 0
LogDevObjectVersion:   Dev-Platform (6631380F-2D4D-43E0-8009-CF276956A95A): 0
LogDevObjectVersion:   Dev-Rendering (12F88B9F-8875-4AFC-A67C-D90C383ABD29): 28
LogDevObjectVersion:   Dev-Sequencer (7B5AE74C-D270-4C10-A958-57980B212A5A): 11
LogDevObjectVersion:   Dev-VR (D7296918-1DD6-4BDD-9DE2-64A83CC13884): 2
LogDevObjectVersion:   Dev-LoadTimes (C2A15278-BFE7-4AFE-6C17-90FF531DF755): 1
LogDevObjectVersion:   Private-Geometry (6EACA3D4-40EC-4CC1-B786-8BED09428FC5): 3
LogDevObjectVersion:   Dev-AnimPhys (29E575DD-E0A3-4627-9D10-D276232CDCEA): 17
LogDevObjectVersion:   Dev-Anim (AF43A65D-7FD3-4947-9873-3E8ED9C1BB05): 2
LogDevObjectVersion:   Dev-ReflectionCapture (6B266CEC-1EC7-4B8F-A30B-E4D90942FC07): 1
LogDevObjectVersion:   Dev-Automation (0DF73D61-A23F-47EA-B727-89E90C41499A): 1
LogDevObjectVersion:   FortniteMain (601D1886-AC64-4F84-AA16-D3DE0DEAC7D6): 25
LogDevObjectVersion:   Dev-Enterprise (9DFFBCD6-494F-0158-E221-12823C92A888): 6
LogDevObjectVersion:   Dev-Niagara (F2AED0AC-9AFE-416F-8664-AA7FFA26D6FC): 1
LogDevObjectVersion:   Dev-Destruction (174F1F0B-B4C6-45A5-B13F-2EE8D0FB917D): 2
LogInit: Presizing for max 16777216 objects, including 0 objects not considered by GC, pre-allocating 0 bytes for permanent pool.
LogInit: Object subsystem initialized
LogConfig: Setting CVar [[con.DebugEarlyDefault:1]]
LogConfig: Setting CVar [[r.setres:1280x720]]
[2023.10.24-12.33.11:908][  0]LogConfig: Setting CVar [[r.VSync:0]]
[2023.10.24-12.33.11:908][  0]LogConfig: Setting CVar [[r.RHICmdBypass:0]]
[2023.10.24-12.33.11:908][  0]LogConfig: Applying CVar settings from Section [/Script/Engine.RendererSettings] File [D:/Git_Projects/Practise4/Practise4UE/Saved/Config/Windows/Engine.ini]
[2023.10.24-12.33.11:908][  0]LogConfig: Setting CVar [[r.GPUCrashDebugging:0]]
[2023.10.24-12.33.11:908][  0]LogConfig: Setting CVar [[r.DefaultFeature.AutoExposure.ExtendDefaultLuminanceRange:1]]
[2023.10.24-12.33.11:908][  0]LogConfig: Applying CVar settings from Section [/Script/Engine.RendererOverrideSettings] File [D:/Git_Projects/Practise4/Practise4UE/Saved/Config/Windows/Engine.ini]
[2023.10.24-12.33.11:908][  0]LogConfig: Applying CVar settings from Section [/Script/Engine.StreamingSettings] File [D:/Git_Projects/Practise4/Practise4UE/Saved/Config/Windows/Engine.ini]
[2023.10.24-12.33.11:908][  0]LogConfig: Setting CVar [[s.MinBulkDataSizeForAsyncLoading:131072]]
[2023.10.24-12.33.11:908][  0]LogConfig: Setting CVar [[s.AsyncLoadingThreadEnabled:0]]
[2023.10.24-12.33.11:908][  0]LogConfig: Setting CVar [[s.EventDrivenLoaderEnabled:1]]
[2023.10.24-12.33.11:908][  0]LogConfig: Setting CVar [[s.WarnIfTimeLimitExceeded:0]]
[2023.10.24-12.33.11:908][  0]LogConfig: Setting CVar [[s.TimeLimitExceededMultiplier:1.5]]
[2023.10.24-12.33.11:909][  0]LogConfig: Setting CVar [[s.TimeLimitExceededMinTime:0.005]]
[2023.10.24-12.33.11:909][  0]LogConfig: Setting CVar [[s.UseBackgroundLevelStreaming:1]]
[2023.10.24-12.33.11:909][  0]LogConfig: Setting CVar [[s.PriorityAsyncLoadingExtraTime:15.0]]
[2023.10.24-12.33.11:909][  0]LogConfig: Setting CVar [[s.LevelStreamingActorsUpdateTimeLimit:5.0]]
[2023.10.24-12.33.11:909][  0]LogConfig: Setting CVar [[s.PriorityLevelStreamingActorsUpdateExtraTime:5.0]]
[2023.10.24-12.33.11:909][  0]LogConfig: Setting CVar [[s.LevelStreamingComponentsRegistrationGranularity:10]]
[2023.10.24-12.33.11:909][  0]LogConfig: Setting CVar [[s.UnregisterComponentsTimeLimit:1.0]]
[2023.10.24-12.33.11:909][  0]LogConfig: Setting CVar [[s.LevelStreamingComponentsUnregistrationGranularity:5]]
[2023.10.24-12.33.11:909][  0]LogConfig: Applying CVar settings from Section [/Script/Engine.GarbageCollectionSettings] File [D:/Git_Projects/Practise4/Practise4UE/Saved/Config/Windows/Engine.ini]
[2023.10.24-12.33.11:909][  0]LogConfig: Setting CVar [[gc.MaxObjectsNotConsideredByGC:1]]
[2023.10.24-12.33.11:909][  0]LogConfig: Setting CVar [[gc.SizeOfPermanentObjectPool:0]]
[2023.10.24-12.33.11:909][  0]LogConfig: Setting CVar [[gc.FlushStreamingOnGC:0]]
[2023.10.24-12.33.11:909][  0]LogConfig: Setting CVar [[gc.NumRetriesBeforeForcingGC:10]]
[2023.10.24-12.33.11:909][  0]LogConfig: Setting CVar [[gc.AllowParallelGC:1]]
[2023.10.24-12.33.11:909][  0]LogConfig: Setting CVar [[gc.TimeBetweenPurgingPendingKillObjects:61.1]]
[2023.10.24-12.33.11:909][  0]LogConfig: Setting CVar [[gc.MaxObjectsInEditor:16777216]]
[2023.10.24-12.33.11:909][  0]LogConfig: Setting CVar [[gc.IncrementalBeginDestroyEnabled:1]]
[2023.10.24-12.33.11:909][  0]LogConfig: Setting CVar [[gc.CreateGCClusters:1]]
[2023.10.24-12.33.11:909][  0]LogConfig: Setting CVar [[gc.MinGCClusterSize:5]]
[2023.10.24-12.33.11:909][  0]LogConfig: Setting CVar [[gc.ActorClusteringEnabled:0]]
[2023.10.24-12.33.11:909][  0]LogConfig: Setting CVar [[gc.BlueprintClusteringEnabled:0]]
[2023.10.24-12.33.11:909][  0]LogConfig: Setting CVar [[gc.UseDisregardForGCOnDedicatedServers:0]]
[2023.10.24-12.33.11:909][  0]LogConfig: Applying CVar settings from Section [/Script/Engine.NetworkSettings] File [D:/Git_Projects/Practise4/Practise4UE/Saved/Config/Windows/Engine.ini]
[2023.10.24-12.33.11:909][  0]LogConfig: Applying CVar settings from Section [/Script/UnrealEd.CookerSettings] File [D:/Git_Projects/Practise4/Practise4UE/Saved/Config/Windows/Engine.ini]
[2023.10.24-12.33.11:918][  0]LogConfig: Applying CVar settings from Section [ViewDistanceQuality@3] File [D:/Git_Projects/Practise4/Practise4UE/Saved/Config/Windows/Scalability.ini]
[2023.10.24-12.33.11:918][  0]LogConfig: Setting CVar [[r.SkeletalMeshLODBias:0]]
[2023.10.24-12.33.11:918][  0]LogConfig: Setting CVar [[r.ViewDistanceScale:1.0]]
[2023.10.24-12.33.11:918][  0]LogConfig: Applying CVar settings from Section [AntiAliasingQuality@3] File [D:/Git_Projects/Practise4/Practise4UE/Saved/Config/Windows/Scalability.ini]
[2023.10.24-12.33.11:918][  0]LogConfig: Setting CVar [[r.PostProcessAAQuality:4]]
[2023.10.24-12.33.11:918][  0]LogConfig: Applying CVar settings from Section [ShadowQuality@3] File [D:/Git_Projects/Practise4/Practise4UE/Saved/Config/Windows/Scalability.ini]
[2023.10.24-12.33.11:918][  0]LogConfig: Setting CVar [[r.LightFunctionQuality:1]]
[2023.10.24-12.33.11:918][  0]LogConfig: Setting CVar [[r.ShadowQuality:5]]
[2023.10.24-12.33.11:918][  0]LogConfig: Setting CVar [[r.Shadow.CSM.MaxCascades:10]]
[2023.10.24-12.33.11:918][  0]LogConfig: Setting CVar [[r.Shadow.MaxResolution:2048]]
[2023.10.24-12.33.11:918][  0]LogConfig: Setting CVar [[r.Shadow.MaxCSMResolution:2048]]
[2023.10.24-12.33.11:918][  0]LogConfig: Setting CVar [[r.Shadow.RadiusThreshold:0.01]]
[2023.10.24-12.33.11:918][  0]LogConfig: Setting CVar [[r.Shadow.DistanceScale:1.0]]
[2023.10.24-12.33.11:918][  0]LogConfig: Setting CVar [[r.Shadow.CSM.TransitionScale:1.0]]
[2023.10.24-12.33.11:918][  0]LogConfig: Setting CVar [[r.Shadow.PreShadowResolutionFactor:1.0]]
[2023.10.24-12.33.11:918][  0]LogConfig: Setting CVar [[r.DistanceFieldShadowing:1]]
[2023.10.24-12.33.11:918][  0]LogConfig: Setting CVar [[r.DistanceFieldAO:1]]
[2023.10.24-12.33.11:919][  0]LogConfig: Setting CVar [[r.AOQuality:2]]
[2023.10.24-12.33.11:919][  0]LogConfig: Setting CVar [[r.VolumetricFog:1]]
[2023.10.24-12.33.11:919][  0]LogConfig: Setting CVar [[r.VolumetricFog.GridPixelSize:8]]
[2023.10.24-12.33.11:919][  0]LogConfig: Setting CVar [[r.VolumetricFog.GridSizeZ:128]]
[2023.10.24-12.33.11:919][  0]LogConfig: Setting CVar [[r.VolumetricFog.HistoryMissSupersampleCount:4]]
[2023.10.24-12.33.11:919][  0]LogConfig: Setting CVar [[r.LightMaxDrawDistanceScale:1]]
[2023.10.24-12.33.11:919][  0]LogConfig: Setting CVar [[r.CapsuleShadows:1]]
[2023.10.24-12.33.11:919][  0]LogConfig: Applying CVar settings from Section [PostProcessQuality@3] File [D:/Git_Projects/Practise4/Practise4UE/Saved/Config/Windows/Scalability.ini]
[2023.10.24-12.33.11:919][  0]LogConfig: Setting CVar [[r.MotionBlurQuality:4]]
[2023.10.24-12.33.11:919][  0]LogConfig: Setting CVar [[r.AmbientOcclusionMipLevelFactor:0.4]]
[2023.10.24-12.33.11:919][  0]LogConfig: Setting CVar [[r.AmbientOcclusionMaxQuality:100]]
[2023.10.24-12.33.11:919][  0]LogConfig: Setting CVar [[r.AmbientOcclusionLevels:-1]]
[2023.10.24-12.33.11:919][  0]LogConfig: Setting CVar [[r.AmbientOcclusionRadiusScale:1.0]]
[2023.10.24-12.33.11:919][  0]LogConfig: Setting CVar [[r.DepthOfFieldQuality:2]]
[2023.10.24-12.33.11:919][  0]LogConfig: Setting CVar [[r.RenderTargetPoolMin:400]]
[2023.10.24-12.33.11:919][  0]LogConfig: Setting CVar [[r.LensFlareQuality:2]]
[2023.10.24-12.33.11:919][  0]LogConfig: Setting CVar [[r.SceneColorFringeQuality:1]]
[2023.10.24-12.33.11:919][  0]LogConfig: Setting CVar [[r.EyeAdaptationQuality:2]]
[2023.10.24-12.33.11:919][  0]LogConfig: Setting CVar [[r.BloomQuality:5]]
[2023.10.24-12.33.11:919][  0]LogConfig: Setting CVar [[r.FastBlurThreshold:100]]
[2023.10.24-12.33.11:919][  0]LogConfig: Setting CVar [[r.Upscale.Quality:3]]
[2023.10.24-12.33.11:919][  0]LogConfig: Setting CVar [[r.Tonemapper.GrainQuantization:1]]
[2023.10.24-12.33.11:919][  0]LogConfig: Setting CVar [[r.LightShaftQuality:1]]
[2023.10.24-12.33.11:919][  0]LogConfig: Setting CVar [[r.Filter.SizeScale:1]]
[2023.10.24-12.33.11:920][  0]LogConfig: Setting CVar [[r.Tonemapper.Quality:5]]
[2023.10.24-12.33.11:920][  0]LogConfig: Setting CVar [[r.DOF.Gather.AccumulatorQuality:1        ; higher gathering accumulator quality]]
[2023.10.24-12.33.11:920][  0]LogConfig: Setting CVar [[r.DOF.Gather.PostfilterMethod:1          ; Median3x3 postfilering method]]
[2023.10.24-12.33.11:920][  0]LogConfig: Setting CVar [[r.DOF.Gather.EnableBokehSettings:0       ; no bokeh simulation when gathering]]
[2023.10.24-12.33.11:920][  0]LogConfig: Setting CVar [[r.DOF.Gather.RingCount:4                 ; medium number of samples when gathering]]
[2023.10.24-12.33.11:920][  0]LogConfig: Setting CVar [[r.DOF.Scatter.ForegroundCompositing:1    ; additive foreground scattering]]
[2023.10.24-12.33.11:920][  0]LogConfig: Setting CVar [[r.DOF.Scatter.BackgroundCompositing:2    ; additive background scattering]]
[2023.10.24-12.33.11:920][  0]LogConfig: Setting CVar [[r.DOF.Scatter.EnableBokehSettings:1      ; bokeh simulation when scattering]]
[2023.10.24-12.33.11:920][  0]LogConfig: Setting CVar [[r.DOF.Scatter.MaxSpriteRatio:0.1         ; only a maximum of 10% of scattered bokeh]]
[2023.10.24-12.33.11:920][  0]LogConfig: Setting CVar [[r.DOF.Recombine.Quality:1                ; cheap slight out of focus]]
[2023.10.24-12.33.11:920][  0]LogConfig: Setting CVar [[r.DOF.Recombine.EnableBokehSettings:0    ; no bokeh simulation on slight out of focus]]
[2023.10.24-12.33.11:920][  0]LogConfig: Setting CVar [[r.DOF.TemporalAAQuality:1                ; more stable temporal accumulation]]
[2023.10.24-12.33.11:920][  0]LogConfig: Setting CVar [[r.DOF.Kernel.MaxForegroundRadius:0.025]]
[2023.10.24-12.33.11:920][  0]LogConfig: Setting CVar [[r.DOF.Kernel.MaxBackgroundRadius:0.025]]
[2023.10.24-12.33.11:920][  0]LogConfig: Applying CVar settings from Section [TextureQuality@3] File [D:/Git_Projects/Practise4/Practise4UE/Saved/Config/Windows/Scalability.ini]
[2023.10.24-12.33.11:920][  0]LogConfig: Setting CVar [[r.Streaming.MipBias:0]]
[2023.10.24-12.33.11:920][  0]LogConfig: Setting CVar [[r.Streaming.AmortizeCPUToGPUCopy:0]]
[2023.10.24-12.33.11:920][  0]LogConfig: Setting CVar [[r.Streaming.MaxNumTexturesToStreamPerFrame:0]]
[2023.10.24-12.33.11:920][  0]LogConfig: Setting CVar [[r.Streaming.Boost:1]]
[2023.10.24-12.33.11:920][  0]LogConfig: Setting CVar [[r.MaxAnisotropy:8]]
[2023.10.24-12.33.11:920][  0]LogConfig: Setting CVar [[r.Streaming.LimitPoolSizeToVRAM:0]]
[2023.10.24-12.33.11:920][  0]LogConfig: Setting CVar [[r.Streaming.PoolSize:1000]]
[2023.10.24-12.33.11:921][  0]LogConfig: Setting CVar [[r.Streaming.MaxEffectiveScreenSize:0]]
[2023.10.24-12.33.11:921][  0]LogConfig: Applying CVar settings from Section [EffectsQuality@3] File [D:/Git_Projects/Practise4/Practise4UE/Saved/Config/Windows/Scalability.ini]
[2023.10.24-12.33.11:921][  0]LogConfig: Setting CVar [[r.TranslucencyLightingVolumeDim:64]]
[2023.10.24-12.33.11:921][  0]LogConfig: Setting CVar [[r.RefractionQuality:2]]
[2023.10.24-12.33.11:921][  0]LogConfig: Setting CVar [[r.SSR.Quality:3]]
[2023.10.24-12.33.11:921][  0]LogConfig: Setting CVar [[r.SceneColorFormat:4]]
[2023.10.24-12.33.11:921][  0]LogConfig: Setting CVar [[r.DetailMode:2]]
[2023.10.24-12.33.11:921][  0]LogConfig: Setting CVar [[r.TranslucencyVolumeBlur:1]]
[2023.10.24-12.33.11:921][  0]LogConfig: Setting CVar [[r.MaterialQualityLevel:1 ; High quality]]
[2023.10.24-12.33.11:921][  0]LogConfig: Setting CVar [[r.SSS.Scale:1]]
[2023.10.24-12.33.11:921][  0]LogConfig: Setting CVar [[r.SSS.SampleSet:2]]
[2023.10.24-12.33.11:921][  0]LogConfig: Setting CVar [[r.SSS.Quality:1]]
[2023.10.24-12.33.11:921][  0]LogConfig: Setting CVar [[r.SSS.HalfRes:1]]
[2023.10.24-12.33.11:921][  0]LogConfig: Setting CVar [[r.EmitterSpawnRateScale:1.0]]
[2023.10.24-12.33.11:921][  0]LogConfig: Setting CVar [[r.ParticleLightQuality:2]]
[2023.10.24-12.33.11:921][  0]LogConfig: Applying CVar settings from Section [FoliageQuality@3] File [D:/Git_Projects/Practise4/Practise4UE/Saved/Config/Windows/Scalability.ini]
[2023.10.24-12.33.11:921][  0]LogConfig: Setting CVar [[foliage.DensityScale:1.0]]
[2023.10.24-12.33.11:921][  0]LogConfig: Setting CVar [[grass.DensityScale:1.0]]
[2023.10.24-12.33.11:921][  0]LogInit: Selected Device Profile: [Windows]
[2023.10.24-12.33.11:921][  0]LogInit: Applying CVar settings loaded from the selected device profile: [Windows]
[2023.10.24-12.33.11:944][  0]LogHAL: Display: Platform has ~ 7 GB [7448702976 / 8589934592 / 7], which maps to Smaller [LargestMinGB=32, LargerMinGB=12, DefaultMinGB=8, SmallerMinGB=6, SmallestMinGB=0)
[2023.10.24-12.33.11:945][  0]LogConfig: Setting CVar [[r.Vulkan.UseRealUBs:0		; Required until we fix HLR fall-out]]
[2023.10.24-12.33.11:945][  0]LogInit: Going up to parent DeviceProfile []
[2023.10.24-12.33.11:945][  0]LogConfig: Applying CVar settings from Section [ViewDistanceQuality@3] File [D:/Git_Projects/Practise4/Practise4UE/Saved/Config/Windows/Scalability.ini]
[2023.10.24-12.33.11:945][  0]LogConfig: Setting CVar [[r.SkeletalMeshLODBias:0]]
[2023.10.24-12.33.11:945][  0]LogConfig: Setting CVar [[r.ViewDistanceScale:1.0]]
[2023.10.24-12.33.11:945][  0]LogConfig: Applying CVar settings from Section [AntiAliasingQuality@3] File [D:/Git_Projects/Practise4/Practise4UE/Saved/Config/Windows/Scalability.ini]
[2023.10.24-12.33.11:945][  0]LogConfig: Setting CVar [[r.PostProcessAAQuality:4]]
[2023.10.24-12.33.11:945][  0]LogConfig: Applying CVar settings from Section [ShadowQuality@3] File [D:/Git_Projects/Practise4/Practise4UE/Saved/Config/Windows/Scalability.ini]
[2023.10.24-12.33.11:945][  0]LogConfig: Setting CVar [[r.LightFunctionQuality:1]]
[2023.10.24-12.33.11:945][  0]LogConfig: Setting CVar [[r.ShadowQuality:5]]
[2023.10.24-12.33.11:945][  0]LogConfig: Setting CVar [[r.Shadow.CSM.MaxCascades:10]]
[2023.10.24-12.33.11:945][  0]LogConfig: Setting CVar [[r.Shadow.MaxResolution:2048]]
[2023.10.24-12.33.11:945][  0]LogConfig: Setting CVar [[r.Shadow.MaxCSMResolution:2048]]
[2023.10.24-12.33.11:945][  0]LogConfig: Setting CVar [[r.Shadow.RadiusThreshold:0.01]]
[2023.10.24-12.33.11:945][  0]LogConfig: Setting CVar [[r.Shadow.DistanceScale:1.0]]
[2023.10.24-12.33.11:945][  0]LogConfig: Setting CVar [[r.Shadow.CSM.TransitionScale:1.0]]
[2023.10.24-12.33.11:945][  0]LogConfig: Setting CVar [[r.Shadow.PreShadowResolutionFactor:1.0]]
[2023.10.24-12.33.11:945][  0]LogConfig: Setting CVar [[r.DistanceFieldShadowing:1]]
[2023.10.24-12.33.11:945][  0]LogConfig: Setting CVar [[r.DistanceFieldAO:1]]
[2023.10.24-12.33.11:945][  0]LogConfig: Setting CVar [[r.AOQuality:2]]
[2023.10.24-12.33.11:945][  0]LogConfig: Setting CVar [[r.VolumetricFog:1]]
[2023.10.24-12.33.11:945][  0]LogConfig: Setting CVar [[r.VolumetricFog.GridPixelSize:8]]
[2023.10.24-12.33.11:945][  0]LogConfig: Setting CVar [[r.VolumetricFog.GridSizeZ:128]]
[2023.10.24-12.33.11:945][  0]LogConfig: Setting CVar [[r.VolumetricFog.HistoryMissSupersampleCount:4]]
[2023.10.24-12.33.11:945][  0]LogConfig: Setting CVar [[r.LightMaxDrawDistanceScale:1]]
[2023.10.24-12.33.11:945][  0]LogConfig: Setting CVar [[r.CapsuleShadows:1]]
[2023.10.24-12.33.11:945][  0]LogConfig: Applying CVar settings from Section [PostProcessQuality@3] File [D:/Git_Projects/Practise4/Practise4UE/Saved/Config/Windows/Scalability.ini]
[2023.10.24-12.33.11:945][  0]LogConfig: Setting CVar [[r.MotionBlurQuality:4]]
[2023.10.24-12.33.11:945][  0]LogConfig: Setting CVar [[r.AmbientOcclusionMipLevelFactor:0.4]]
[2023.10.24-12.33.11:945][  0]LogConfig: Setting CVar [[r.AmbientOcclusionMaxQuality:100]]
[2023.10.24-12.33.11:945][  0]LogConfig: Setting CVar [[r.AmbientOcclusionLevels:-1]]
[2023.10.24-12.33.11:946][  0]LogConfig: Setting CVar [[r.AmbientOcclusionRadiusScale:1.0]]
[2023.10.24-12.33.11:946][  0]LogConfig: Setting CVar [[r.DepthOfFieldQuality:2]]
[2023.10.24-12.33.11:946][  0]LogConfig: Setting CVar [[r.RenderTargetPoolMin:400]]
[2023.10.24-12.33.11:946][  0]LogConfig: Setting CVar [[r.LensFlareQuality:2]]
[2023.10.24-12.33.11:946][  0]LogConfig: Setting CVar [[r.SceneColorFringeQuality:1]]
[2023.10.24-12.33.11:946][  0]LogConfig: Setting CVar [[r.EyeAdaptationQuality:2]]
[2023.10.24-12.33.11:946][  0]LogConfig: Setting CVar [[r.BloomQuality:5]]
[2023.10.24-12.33.11:946][  0]LogConfig: Setting CVar [[r.FastBlurThreshold:100]]
[2023.10.24-12.33.11:946][  0]LogConfig: Setting CVar [[r.Upscale.Quality:3]]
[2023.10.24-12.33.11:946][  0]LogConfig: Setting CVar [[r.Tonemapper.GrainQuantization:1]]
[2023.10.24-12.33.11:946][  0]LogConfig: Setting CVar [[r.LightShaftQuality:1]]
[2023.10.24-12.33.11:946][  0]LogConfig: Setting CVar [[r.Filter.SizeScale:1]]
[2023.10.24-12.33.11:946][  0]LogConfig: Setting CVar [[r.Tonemapper.Quality:5]]
[2023.10.24-12.33.11:946][  0]LogConfig: Setting CVar [[r.DOF.Gather.AccumulatorQuality:1        ; higher gathering accumulator quality]]
[2023.10.24-12.33.11:946][  0]LogConfig: Setting CVar [[r.DOF.Gather.PostfilterMethod:1          ; Median3x3 postfilering method]]
[2023.10.24-12.33.11:946][  0]LogConfig: Setting CVar [[r.DOF.Gather.EnableBokehSettings:0       ; no bokeh simulation when gathering]]
[2023.10.24-12.33.11:946][  0]LogConfig: Setting CVar [[r.DOF.Gather.RingCount:4                 ; medium number of samples when gathering]]
[2023.10.24-12.33.11:946][  0]LogConfig: Setting CVar [[r.DOF.Scatter.ForegroundCompositing:1    ; additive foreground scattering]]
[2023.10.24-12.33.11:946][  0]LogConfig: Setting CVar [[r.DOF.Scatter.BackgroundCompositing:2    ; additive background scattering]]
[2023.10.24-12.33.11:946][  0]LogConfig: Setting CVar [[r.DOF.Scatter.EnableBokehSettings:1      ; bokeh simulation when scattering]]
[2023.10.24-12.33.11:946][  0]LogConfig: Setting CVar [[r.DOF.Scatter.MaxSpriteRatio:0.1         ; only a maximum of 10% of scattered bokeh]]
[2023.10.24-12.33.11:946][  0]LogConfig: Setting CVar [[r.DOF.Recombine.Quality:1                ; cheap slight out of focus]]
[2023.10.24-12.33.11:946][  0]LogConfig: Setting CVar [[r.DOF.Recombine.EnableBokehSettings:0    ; no bokeh simulation on slight out of focus]]
[2023.10.24-12.33.11:946][  0]LogConfig: Setting CVar [[r.DOF.TemporalAAQuality:1                ; more stable temporal accumulation]]
[2023.10.24-12.33.11:946][  0]LogConfig: Setting CVar [[r.DOF.Kernel.MaxForegroundRadius:0.025]]
[2023.10.24-12.33.11:946][  0]LogConfig: Setting CVar [[r.DOF.Kernel.MaxBackgroundRadius:0.025]]
[2023.10.24-12.33.11:946][  0]LogConfig: Applying CVar settings from Section [TextureQuality@3] File [D:/Git_Projects/Practise4/Practise4UE/Saved/Config/Windows/Scalability.ini]
[2023.10.24-12.33.11:946][  0]LogConfig: Setting CVar [[r.Streaming.MipBias:0]]
[2023.10.24-12.33.11:946][  0]LogConfig: Setting CVar [[r.Streaming.AmortizeCPUToGPUCopy:0]]
[2023.10.24-12.33.11:946][  0]LogConfig: Setting CVar [[r.Streaming.MaxNumTexturesToStreamPerFrame:0]]
[2023.10.24-12.33.11:946][  0]LogConfig: Setting CVar [[r.Streaming.Boost:1]]
[2023.10.24-12.33.11:946][  0]LogConfig: Setting CVar [[r.MaxAnisotropy:8]]
[2023.10.24-12.33.11:946][  0]LogConfig: Setting CVar [[r.Streaming.LimitPoolSizeToVRAM:0]]
[2023.10.24-12.33.11:946][  0]LogConfig: Setting CVar [[r.Streaming.PoolSize:1000]]
[2023.10.24-12.33.11:946][  0]LogConfig: Setting CVar [[r.Streaming.MaxEffectiveScreenSize:0]]
[2023.10.24-12.33.11:946][  0]LogConfig: Applying CVar settings from Section [EffectsQuality@3] File [D:/Git_Projects/Practise4/Practise4UE/Saved/Config/Windows/Scalability.ini]
[2023.10.24-12.33.11:946][  0]LogConfig: Setting CVar [[r.TranslucencyLightingVolumeDim:64]]
[2023.10.24-12.33.11:946][  0]LogConfig: Setting CVar [[r.RefractionQuality:2]]
[2023.10.24-12.33.11:946][  0]LogConfig: Setting CVar [[r.SSR.Quality:3]]
[2023.10.24-12.33.11:947][  0]LogConfig: Setting CVar [[r.SceneColorFormat:4]]
[2023.10.24-12.33.11:947][  0]LogConfig: Setting CVar [[r.DetailMode:2]]
[2023.10.24-12.33.11:947][  0]LogConfig: Setting CVar [[r.TranslucencyVolumeBlur:1]]
[2023.10.24-12.33.11:947][  0]LogConfig: Setting CVar [[r.MaterialQualityLevel:1 ; High quality]]
[2023.10.24-12.33.11:947][  0]LogConfig: Setting CVar [[r.SSS.Scale:1]]
[2023.10.24-12.33.11:947][  0]LogConfig: Setting CVar [[r.SSS.SampleSet:2]]
[2023.10.24-12.33.11:947][  0]LogConfig: Setting CVar [[r.SSS.Quality:1]]
[2023.10.24-12.33.11:947][  0]LogConfig: Setting CVar [[r.SSS.HalfRes:1]]
[2023.10.24-12.33.11:947][  0]LogConfig: Setting CVar [[r.EmitterSpawnRateScale:1.0]]
[2023.10.24-12.33.11:947][  0]LogConfig: Setting CVar [[r.ParticleLightQuality:2]]
[2023.10.24-12.33.11:947][  0]LogConfig: Applying CVar settings from Section [FoliageQuality@3] File [D:/Git_Projects/Practise4/Practise4UE/Saved/Config/Windows/Scalability.ini]
[2023.10.24-12.33.11:947][  0]LogConfig: Setting CVar [[foliage.DensityScale:1.0]]
[2023.10.24-12.33.11:947][  0]LogConfig: Setting CVar [[grass.DensityScale:1.0]]
[2023.10.24-12.33.11:947][  0]LogConfig: Applying CVar settings from Section [Startup] File [../../../Engine/Config/ConsoleVariables.ini]
[2023.10.24-12.33.11:947][  0]LogConfig: Setting CVar [[net.UseAdaptiveNetUpdateFrequency:0]]
[2023.10.24-12.33.11:947][  0]LogConfig: Setting CVar [[p.chaos.AllowCreatePhysxBodies:1]]
[2023.10.24-12.33.11:947][  0]LogConfig: Applying CVar settings from Section [ConsoleVariables] File [D:/Git_Projects/Practise4/Practise4UE/Saved/Config/Windows/Engine.ini]
[2023.10.24-12.33.11:948][  0]LogInit: Computer: DESKTOP-LBVAN9T
[2023.10.24-12.33.11:948][  0]LogInit: User: Сашуля
[2023.10.24-12.33.11:948][  0]LogInit: CPU Page size=4096, Cores=4
[2023.10.24-12.33.11:948][  0]LogInit: High frequency timer resolution =10.000000 MHz
[2023.10.24-12.33.11:948][  0]LogMemory: Memory total: Physical=6.9GB (7GB approx)
[2023.10.24-12.33.11:948][  0]LogMemory: Platform Memory Stats for Windows
[2023.10.24-12.33.11:948][  0]LogMemory: Process Physical Memory: 97.14 MB used, 97.15 MB peak
[2023.10.24-12.33.11:948][  0]LogMemory: Process Virtual Memory: 90.42 MB used, 90.42 MB peak
[2023.10.24-12.33.11:948][  0]LogMemory: Physical Memory: 5155.36 MB used,  1948.28 MB free, 7103.64 MB total
[2023.10.24-12.33.11:948][  0]LogMemory: Virtual Memory: 4644.32 MB used,  134213080.00 MB free, 134217728.00 MB total
[2023.10.24-12.33.11:975][  0]LogInit: Using OS detected language (ru-RU).
[2023.10.24-12.33.11:975][  0]LogInit: Using OS detected locale (ru-RU).
[2023.10.24-12.33.11:977][  0]LogTextLocalizationManager: No specific localization for 'ru-RU' exists, so the 'ru' localization will be used.
[2023.10.24-12.33.11:977][  0]LogTextLocalizationResource: LocRes '../../../Engine/Content/Localization/Editor/ru/Editor.locres' could not be opened for reading!
[2023.10.24-12.33.11:977][  0]LogTextLocalizationResource: LocRes '../../../Engine/Content/Localization/EditorTutorials/ru/EditorTutorials.locres' could not be opened for reading!
[2023.10.24-12.33.11:977][  0]LogTextLocalizationResource: LocRes '../../../Engine/Content/Localization/Keywords/ru/Keywords.locres' could not be opened for reading!
[2023.10.24-12.33.11:978][  0]LogTextLocalizationResource: LocRes '../../../Engine/Content/Localization/Category/ru/Category.locres' could not be opened for reading!
[2023.10.24-12.33.11:978][  0]LogTextLocalizationResource: LocRes '../../../Engine/Content/Localization/ToolTips/ru/ToolTips.locres' could not be opened for reading!
[2023.10.24-12.33.11:978][  0]LogTextLocalizationResource: LocRes '../../../Engine/Content/Localization/PropertyNames/ru/PropertyNames.locres' could not be opened for reading!
[2023.10.24-12.33.11:978][  0]LogTextLocalizationResource: LocRes '../../../Engine/Content/Localization/Engine/ru/Engine.locres' could not be opened for reading!
[2023.10.24-12.33.11:979][  0]LogInit: Setting process to per monitor DPI aware
[2023.10.24-12.33.12:033][  0]LogSlate: New Slate User Created.  User Index 0, Is Virtual User: 0
[2023.10.24-12.33.12:033][  0]LogSlate: Slate User Registered.  User Index 0, Is Virtual User: 0
[2023.10.24-12.33.12:294][  0]LogHMD: Failed to initialize OpenVR with code 110
[2023.10.24-12.33.12:294][  0]LogD3D11RHI: D3D11 adapters:
[2023.10.24-12.33.12:330][  0]LogD3D11RHI:    0. 'AMD Radeon(TM) Vega 8 Graphics' (Feature Level 11_0)
[2023.10.24-12.33.12:330][  0]LogD3D11RHI:       1008/0/3551 MB DedicatedVideo/DedicatedSystem/SharedSystem, Outputs:1, VendorId:0x1002
[2023.10.24-12.33.12:356][  0]LogD3D11RHI:    1. 'AMD Radeon(TM) Vega 8 Graphics' (Feature Level 11_0)
[2023.10.24-12.33.12:356][  0]LogD3D11RHI:       1008/0/3551 MB DedicatedVideo/DedicatedSystem/SharedSystem, Outputs:0, VendorId:0x1002
[2023.10.24-12.33.12:381][  0]LogD3D11RHI:    2. 'AMD Radeon(TM) Vega 8 Graphics' (Feature Level 11_0)
[2023.10.24-12.33.12:381][  0]LogD3D11RHI:       1008/0/3551 MB DedicatedVideo/DedicatedSystem/SharedSystem, Outputs:0, VendorId:0x1002
[2023.10.24-12.33.12:405][  0]LogD3D11RHI:    3. 'AMD Radeon(TM) Vega 8 Graphics' (Feature Level 11_0)
[2023.10.24-12.33.12:406][  0]LogD3D11RHI:       1008/0/3551 MB DedicatedVideo/DedicatedSystem/SharedSystem, Outputs:0, VendorId:0x1002
[2023.10.24-12.33.12:409][  0]LogD3D11RHI:    4. 'Microsoft Basic Render Driver' (Feature Level 11_0)
[2023.10.24-12.33.12:409][  0]LogD3D11RHI:       0/0/3551 MB DedicatedVideo/DedicatedSystem/SharedSystem, Outputs:0, VendorId:0x1414
[2023.10.24-12.33.12:409][  0]LogD3D11RHI: Chosen D3D11 Adapter: 0
[2023.10.24-12.33.12:420][  0]LogD3D11RHI: Creating new Direct3DDevice
[2023.10.24-12.33.12:420][  0]LogD3D11RHI:     GPU DeviceId: 0x15d8 (for the marketing name, search the web for "GPU Device Id")
[2023.10.24-12.33.12:420][  0]LogWindows: EnumDisplayDevices:
[2023.10.24-12.33.12:420][  0]LogWindows:    0. 'AMD Radeon(TM) Vega 8 Graphics' (P:1 D:1)
[2023.10.24-12.33.12:420][  0]LogWindows:    1. 'AMD Radeon(TM) Vega 8 Graphics' (P:0 D:0)
[2023.10.24-12.33.12:421][  0]LogWindows:    2. 'AMD Radeon(TM) Vega 8 Graphics' (P:0 D:0)
[2023.10.24-12.33.12:421][  0]LogWindows:    3. 'AMD Radeon(TM) Vega 8 Graphics' (P:0 D:0)
[2023.10.24-12.33.12:422][  0]LogWindows:    4. 'AMD Radeon(TM) Vega 8 Graphics' (P:0 D:0)
[2023.10.24-12.33.12:422][  0]LogWindows:    5. 'AMD Radeon(TM) Vega 8 Graphics' (P:0 D:0)
[2023.10.24-12.33.12:422][  0]LogWindows:    6. 'Citrix Indirect Display Adapter' (P:0 D:0)
[2023.10.24-12.33.12:422][  0]LogWindows:    7. 'Citrix Indirect Display Adapter' (P:0 D:0)
[2023.10.24-12.33.12:423][  0]LogWindows:    8. 'Citrix Indirect Display Adapter' (P:0 D:0)
[2023.10.24-12.33.12:423][  0]LogWindows:    9. 'Citrix Indirect Display Adapter' (P:0 D:0)
[2023.10.24-12.33.12:423][  0]LogWindows:    10. 'Citrix Indirect Display Adapter' (P:0 D:0)
[2023.10.24-12.33.12:423][  0]LogWindows:    11. 'Citrix Indirect Display Adapter' (P:0 D:0)
[2023.10.24-12.33.12:423][  0]LogWindows:    12. 'Citrix Indirect Display Adapter' (P:0 D:0)
[2023.10.24-12.33.12:424][  0]LogWindows:    13. 'Citrix Indirect Display Adapter' (P:0 D:0)
[2023.10.24-12.33.12:424][  0]LogWindows:    14. 'Lebo Virtual USB Monitor' (P:0 D:0)
[2023.10.24-12.33.12:424][  0]LogWindows:    15. 'Honor Virtual Display Device' (P:0 D:0)
[2023.10.24-12.33.12:424][  0]LogWindows: DebugString: GetVideoDriverDetailsInvalid PrimaryIsNotTheChoosenAdapter GetVideoDriverDetailsInvalid PrimaryIsNotTheChoosenAdapter GetVideoDriverDetailsInvalid PrimaryIsNotTheChoosenAdapter GetVideoDriverDetailsInvalid PrimaryIsNotTheChoosenAdapter GetVideoDriverDetailsInvalid PrimaryIsNotTheChoosenAdapter GetVideoDriverDetailsInvalid PrimaryIsNotTheChoosenAdapter GetVideoDriverDetailsInvalid PrimaryIsNotTheChoosenAdapter GetVideoDriverDetailsInvalid PrimaryIsNotTheChoosenAdapter GetVideoDriverDetailsInvalid PrimaryIsNotTheChoosenAdapter GetVideoDriverDetailsInvalid PrimaryIsNotTheChoosenAdapter FoundDriverCount:6 
[2023.10.24-12.33.12:424][  0]LogD3D11RHI:     Adapter Name: AMD Radeon(TM) Vega 8 Graphics
[2023.10.24-12.33.12:424][  0]LogD3D11RHI:   Driver Version: Adrenalin 19.10.30.24 (internal:26.20.11030.24002, unified:26.20.11030.24002)
[2023.10.24-12.33.12:424][  0]LogD3D11RHI:      Driver Date: 11-16-2020
[2023.10.24-12.33.12:424][  0]LogRHI: Texture pool is 706 MB (70% of 1008 MB)
[2023.10.24-12.33.12:520][  0]LogD3D11RHI: Async texture creation enabled
[2023.10.24-12.33.12:526][  0]LogRendererCore: FGlobalReadBuffer::InitRHI
[2023.10.24-12.33.12:528][  0]LogRendererCore: FGlobalReadBuffer::InitRHI
[2023.10.24-12.33.12:528][  0]LogRendererCore: FGlobalReadBuffer::InitRHI
[2023.10.24-12.33.12:538][  0]LogD3D11RHI: GPU Timing Frequency: 25.000000 (Debug: 2 1)
[2023.10.24-12.33.12:539][  0]LogD3D11RHI: HDR output is supported on display 0 (AMD Device: 0x0, Display: 0x0).
[2023.10.24-12.33.12:961][  0]LogTemp: Display: Module 'AllDesktopTargetPlatform' loaded TargetPlatform 'AllDesktop'
[2023.10.24-12.33.12:979][  0]LogTemp: Display: Module 'MacClientTargetPlatform' loaded TargetPlatform 'MacClient'
[2023.10.24-12.33.12:995][  0]LogTemp: Display: Module 'MacNoEditorTargetPlatform' loaded TargetPlatform 'MacNoEditor'
[2023.10.24-12.33.13:011][  0]LogTemp: Display: Module 'MacServerTargetPlatform' loaded TargetPlatform 'MacServer'
[2023.10.24-12.33.13:033][  0]LogTemp: Display: Module 'MacTargetPlatform' loaded TargetPlatform 'Mac'
[2023.10.24-12.33.13:053][  0]LogTemp: Display: Module 'WindowsClientTargetPlatform' loaded TargetPlatform 'WindowsClient'
[2023.10.24-12.33.13:071][  0]LogTemp: Display: Module 'WindowsNoEditorTargetPlatform' loaded TargetPlatform 'WindowsNoEditor'
[2023.10.24-12.33.13:092][  0]LogTemp: Display: Module 'WindowsServerTargetPlatform' loaded TargetPlatform 'WindowsServer'
[2023.10.24-12.33.13:100][  0]LogTemp: Display: Module 'WindowsTargetPlatform' loaded TargetPlatform 'Windows'
[2023.10.24-12.33.13:215][  0]LogTemp: Display: Module 'AndroidTargetPlatform' loaded TargetPlatform 'Android'
[2023.10.24-12.33.13:215][  0]LogTemp: Display: Module 'AndroidTargetPlatform' loaded TargetPlatform 'Android_ASTC'
[2023.10.24-12.33.13:215][  0]LogTemp: Display: Module 'AndroidTargetPlatform' loaded TargetPlatform 'Android_ATC'
[2023.10.24-12.33.13:215][  0]LogTemp: Display: Module 'AndroidTargetPlatform' loaded TargetPlatform 'Android_DXT'
[2023.10.24-12.33.13:215][  0]LogTemp: Display: Module 'AndroidTargetPlatform' loaded TargetPlatform 'Android_ETC1'
[2023.10.24-12.33.13:215][  0]LogTemp: Display: Module 'AndroidTargetPlatform' loaded TargetPlatform 'Android_ETC1a'
[2023.10.24-12.33.13:215][  0]LogTemp: Display: Module 'AndroidTargetPlatform' loaded TargetPlatform 'Android_ETC2'
[2023.10.24-12.33.13:215][  0]LogTemp: Display: Module 'AndroidTargetPlatform' loaded TargetPlatform 'Android_PVRTC'
[2023.10.24-12.33.13:215][  0]LogTemp: Display: Module 'AndroidTargetPlatform' loaded TargetPlatform 'AndroidClient'
[2023.10.24-12.33.13:215][  0]LogTemp: Display: Module 'AndroidTargetPlatform' loaded TargetPlatform 'Android_ASTCClient'
[2023.10.24-12.33.13:215][  0]LogTemp: Display: Module 'AndroidTargetPlatform' loaded TargetPlatform 'Android_ATCClient'
[2023.10.24-12.33.13:215][  0]LogTemp: Display: Module 'AndroidTargetPlatform' loaded TargetPlatform 'Android_DXTClient'
[2023.10.24-12.33.13:215][  0]LogTemp: Display: Module 'AndroidTargetPlatform' loaded TargetPlatform 'Android_ETC1Client'
[2023.10.24-12.33.13:215][  0]LogTemp: Display: Module 'AndroidTargetPlatform' loaded TargetPlatform 'Android_ETC1aClient'
[2023.10.24-12.33.13:215][  0]LogTemp: Display: Module 'AndroidTargetPlatform' loaded TargetPlatform 'Android_ETC2Client'
[2023.10.24-12.33.13:215][  0]LogTemp: Display: Module 'AndroidTargetPlatform' loaded TargetPlatform 'Android_PVRTCClient'
[2023.10.24-12.33.13:215][  0]LogTemp: Display: Module 'AndroidTargetPlatform' loaded TargetPlatform 'Android_Multi'
[2023.10.24-12.33.13:215][  0]LogTemp: Display: Module 'AndroidTargetPlatform' loaded TargetPlatform 'Android_MultiClient'
[2023.10.24-12.33.13:218][  0]LogTemp: Display: Module 'HTML5TargetPlatform' loaded TargetPlatform 'HTML5'
[2023.10.24-12.33.13:273][  0]LogTemp: Display: Module 'IOSTargetPlatform' loaded TargetPlatform 'IOSClient'
[2023.10.24-12.33.13:274][  0]LogTemp: Display: Module 'IOSTargetPlatform' loaded TargetPlatform 'IOS'
[2023.10.24-12.33.13:307][  0]LogTemp: Display: Module 'TVOSTargetPlatform' loaded TargetPlatform 'TVOSClient'
[2023.10.24-12.33.13:307][  0]LogTemp: Display: Module 'TVOSTargetPlatform' loaded TargetPlatform 'TVOS'
[2023.10.24-12.33.13:323][  0]LogTemp: Display: Module 'LinuxClientTargetPlatform' loaded TargetPlatform 'LinuxClient'
[2023.10.24-12.33.13:339][  0]LogTemp: Display: Module 'LinuxNoEditorTargetPlatform' loaded TargetPlatform 'LinuxNoEditor'
[2023.10.24-12.33.13:354][  0]LogTemp: Display: Module 'LinuxServerTargetPlatform' loaded TargetPlatform 'LinuxServer'
[2023.10.24-12.33.13:370][  0]LogTemp: Display: Module 'LinuxTargetPlatform' loaded TargetPlatform 'Linux'
[2023.10.24-12.33.13:426][  0]LogTemp: Display: Module 'LuminTargetPlatform' loaded TargetPlatform 'Lumin'
[2023.10.24-12.33.13:426][  0]LogTemp: Display: Module 'LuminTargetPlatform' loaded TargetPlatform 'LuminClient'
[2023.10.24-12.33.13:427][  0]LogTargetPlatformManager: Display: Building Assets For Windows
[2023.10.24-12.33.13:436][  0]LogAudioDebug: Display: Lib vorbis DLL was dynamically loaded.
[2023.10.24-12.33.13:486][  0]LogShaderCompilers: Guid format shader working directory is -3 characters bigger than the processId version (../../../../../Git_Projects/Practise4/Practise4UE/Intermediate/Shaders/WorkingDirectory/20144/).
[2023.10.24-12.33.13:487][  0]LogShaderCompilers: Cleaned the shader compiler working directory 'C:/Users/Сашуля/AppData/Local/Temp/UnrealShaderWorkingDir/8C98102B43C623B962F2CD88677D5FDE/'.
[2023.10.24-12.33.13:488][  0]LogXGEController: Cannot use XGE Controller as Incredibuild is not installed on this machine.
[2023.10.24-12.33.13:488][  0]LogShaderCompilers: Cannot use XGE Shader Compiler as Incredibuild is not installed on this machine.
[2023.10.24-12.33.13:489][  0]LogShaderCompilers: Display: Using Local Shader Compiler.
[2023.10.24-12.33.14:149][  0]LogDerivedDataCache: Display: Max Cache Size: 512 MB
[2023.10.24-12.33.14:217][  0]LogDerivedDataCache: Loaded boot cache 0.07s 71MB C:/Users/Сашуля/AppData/Local/UnrealEngine/4.22/DerivedDataCache/Boot.ddc.
[2023.10.24-12.33.14:218][  0]LogDerivedDataCache: Display: Loaded Boot cache: C:/Users/Сашуля/AppData/Local/UnrealEngine/4.22/DerivedDataCache/Boot.ddc
[2023.10.24-12.33.14:218][  0]LogDerivedDataCache: FDerivedDataBackendGraph:  Pak pak cache file ../../../../../Git_Projects/Practise4/Practise4UE/DerivedDataCache/DDC.ddp not found, will not use a pak cache.
[2023.10.24-12.33.14:218][  0]LogDerivedDataCache: Unable to find inner node Pak for hierarchical cache Hierarchy.
[2023.10.24-12.33.14:218][  0]LogDerivedDataCache: FDerivedDataBackendGraph:  CompressedPak pak cache file ../../../../../Git_Projects/Practise4/Practise4UE/DerivedDataCache/Compressed.ddp not found, will not use a pak cache.
[2023.10.24-12.33.14:218][  0]LogDerivedDataCache: Unable to find inner node CompressedPak for hierarchical cache Hierarchy.
[2023.10.24-12.33.14:232][  0]LogDerivedDataCache: Display: Pak cache opened for reading ../../../Engine/DerivedDataCache/Compressed.ddp.
[2023.10.24-12.33.14:232][  0]LogDerivedDataCache: FDerivedDataBackendGraph:  EnterprisePak pak cache file ../../../Enterprise/DerivedDataCache/Compressed.ddp not found, will not use a pak cache.
[2023.10.24-12.33.14:233][  0]LogDerivedDataCache: Unable to find inner node EnterprisePak for hierarchical cache Hierarchy.
[2023.10.24-12.33.14:245][  0]LogDerivedDataCache: Using Local data cache path C:/Users/Сашуля/AppData/Local/UnrealEngine/Common/DerivedDataCache: Writable
[2023.10.24-12.33.14:245][  0]LogDerivedDataCache: Shared data cache path not found in *engine.ini, will not use an Shared cache.
[2023.10.24-12.33.14:245][  0]LogDerivedDataCache: Unable to find inner node Shared for hierarchical cache Hierarchy.
[2023.10.24-12.33.14:272][  0]LogMaterial: Verifying Global Shaders for PCD3D_SM5
[2023.10.24-12.33.14:274][  0]LogSlate: Using FreeType 2.6.0
[2023.10.24-12.33.14:275][  0]LogSlate: SlateFontServices - WITH_FREETYPE: 1, WITH_HARFBUZZ: 1
[2023.10.24-12.33.14:408][  0]LogAssetRegistry: FAssetRegistry took 0.0407 seconds to start up
[2023.10.24-12.33.14:880][  0]LogInit: Selected Device Profile: [Windows]
[2023.10.24-12.33.15:026][  0]LogMeshReduction: Using QuadricMeshReduction for automatic static mesh reduction
[2023.10.24-12.33.15:026][  0]LogMeshReduction: Using SimplygonMeshReduction for automatic skeletal mesh reduction
[2023.10.24-12.33.15:026][  0]LogMeshReduction: Using ProxyLODMeshReduction for automatic mesh merging
[2023.10.24-12.33.15:026][  0]LogMeshReduction: No distributed automatic mesh merging module available
[2023.10.24-12.33.15:026][  0]LogMeshMerging: No distributed automatic mesh merging module available
[2023.10.24-12.33.15:041][  0]LogNetVersion: Practise4UE 1.0.0, NetCL: 5660361, EngineNetVer: 10, GameNetVer: 0 (Checksum: 1144994318)
[2023.10.24-12.33.15:661][  0]LogPackageLocalizationCache: Processed 10 localized package path(s) for 1 prioritized culture(s) in 0.054453 seconds
[2023.10.24-12.33.15:674][  0]LogUObjectArray: 42205 objects as part of root set at end of initial load.
[2023.10.24-12.33.15:674][  0]LogUObjectAllocator: 7325032 out of 0 bytes used by permanent object pool.
[2023.10.24-12.33.15:674][  0]LogUObjectArray: CloseDisregardForGC: 0/0 objects in disregard for GC pool
[2023.10.24-12.33.16:706][  0]LogTcpMessaging: Initializing TcpMessaging bridge
[2023.10.24-12.33.16:722][  0]LogUdpMessaging: Initializing bridge on interface 0.0.0.0:0 to multicast group 230.0.0.1:6666.
[2023.10.24-12.33.16:860][  0]SourceControl: Source control is disabled
[2023.10.24-12.33.17:838][  0]LogAndroidPermission: UAndroidPermissionCallbackProxy::GetInstance
[2023.10.24-12.33.17:939][  0]LogOcInput: OculusInput pre-init called
[2023.10.24-12.33.18:731][  0]LogEngine: Initializing Engine...
[2023.10.24-12.33.18:732][  0]LogHMD: Failed to initialize OpenVR with code 110
[2023.10.24-12.33.18:733][  0]LogStats: UGameplayTagsManager::InitializeManager -  0.000 s
[2023.10.24-12.33.18:994][  0]LogInit: Initializing FReadOnlyCVARCache
[2023.10.24-12.33.19:009][  0]LogAIModule: Creating AISystem for world Untitled
[2023.10.24-12.33.19:062][  0]LogInit: XAudio2 using 'Динамики (Realtek(R) Audio)' : 2 channels at 48 kHz using 16 bits per sample (channel mask 0x3)
[2023.10.24-12.33.19:864][  0]LogInit: FAudioDevice initialized.
[2023.10.24-12.33.19:864][  0]LogNetVersion: Set ProjectVersion to 1.0.0.0. Version Checksum will be recalculated on next use.
[2023.10.24-12.33.19:964][  0]LogDerivedDataCache: Saved boot cache 0.10s 71MB C:/Users/Сашуля/AppData/Local/UnrealEngine/4.22/DerivedDataCache/Boot.ddc.
[2023.10.24-12.33.19:972][  0]LogInit: Texture streaming: Enabled
[2023.10.24-12.33.19:996][  0]LogEngineSessionManager: EngineSessionManager initialized
[2023.10.24-12.33.20:034][  0]LogInit: Transaction tracking system initialized
[2023.10.24-12.33.20:061][  0]BlueprintLog: New page: Editor Load
[2023.10.24-12.33.20:161][  0]LocalizationService: Localization service is disabled
[2023.10.24-12.33.20:542][  0]LogFileCache: Scanning file cache for directory 'D:/Git_Projects/Practise4/Practise4UE/Content/' took 0.01s
[2023.10.24-12.33.20:542][  0]LogCook: Display: Max memory allowance for cook 16384mb min free memory 0mb
[2023.10.24-12.33.20:542][  0]LogCook: Display: Mobile HDR setting 1
[2023.10.24-12.33.20:759][  0]Cmd: MAP LOAD FILE="../../../../../Git_Projects/Practise4/Practise4UE/Content/StarterContent/Maps/Minimal_Default.umap" TEMPLATE=0 SHOWPROGRESS=1 FEATURELEVEL=3
[2023.10.24-12.33.20:760][  0]LightingResults: New page: Lighting Build
[2023.10.24-12.33.20:762][  0]MapCheck: New page: Map Check
[2023.10.24-12.33.20:762][  0]LightingResults: New page: Lighting Build
[2023.10.24-12.33.20:792][  0]LogUObjectHash: Compacting FUObjectHashTables data took   1.83ms
[2023.10.24-12.33.20:954][  0]LogAIModule: Creating AISystem for world Minimal_Default
[2023.10.24-12.33.20:969][  0]LogEditorServer: Finished looking for orphan Actors (0.000 secs)
[2023.10.24-12.33.21:065][  0]LogUObjectHash: Compacting FUObjectHashTables data took   2.96ms
[2023.10.24-12.33.21:066][  0]Cmd: MAP CHECKDEP NOCLEARLOG
[2023.10.24-12.33.21:066][  0]MapCheck: Map check complete: 0 Error(s), 0 Warning(s), took 0,186ms to complete.
[2023.10.24-12.33.21:066][  0]LogFileHelpers: Loading map 'Minimal_Default' took 0.307
[2023.10.24-12.33.21:246][  0]LogSlate: Updating window title bar state: overlay mode, drag disabled, window buttons hidden, title bar hidden
[2023.10.24-12.33.21:259][  0]LogSlate: Updating window title bar state: overlay mode, drag disabled, window buttons hidden, title bar hidden
[2023.10.24-12.33.21:275][  0]LogSlate: Updating window title bar state: overlay mode, drag disabled, window buttons hidden, title bar hidden
[2023.10.24-12.33.21:290][  0]LogSlate: Updating window title bar state: overlay mode, drag disabled, window buttons hidden, title bar hidden
[2023.10.24-12.33.21:296][  0]LogCollectionManager: Loaded 0 collections in 0.001215 seconds
[2023.10.24-12.33.21:327][  0]LogFileCache: Scanning file cache for directory 'D:/Git_Projects/Practise4/Practise4UE/Saved/Collections/' took 0.01s
[2023.10.24-12.33.21:327][  0]LogFileCache: Scanning file cache for directory 'D:/Git_Projects/Practise4/Practise4UE/Content/Developers/Сашуля/Collections/' took 0.00s
[2023.10.24-12.33.21:327][  0]LogFileCache: Scanning file cache for directory 'D:/Git_Projects/Practise4/Practise4UE/Content/Collections/' took 0.01s
[2023.10.24-12.33.21:327][  0]LogCollectionManager: Rebuilt the GUID cache for 0 collections in 0.000000 seconds
[2023.10.24-12.33.21:341][  0]LogContentBrowser: Native class hierarchy populated in 0.0141 seconds. Added 2732 classes and 659 folders.
[2023.10.24-12.33.21:350][  0]LogContentBrowser: Native class hierarchy updated for 'WidgetCarousel' in 0.0004 seconds. Added 0 classes and 0 folders.
[2023.10.24-12.33.21:354][  0]LogPakFile: Registered encryption key '00000000000000000000000000000000': 0 pak files mounted, 0 remain pending
[2023.10.24-12.33.21:356][  0]LogPakFile: Registered encryption key '00000000000000000000000000000000': 0 pak files mounted, 0 remain pending
[2023.10.24-12.33.21:358][  0]LogPakFile: Registered encryption key '00000000000000000000000000000000': 0 pak files mounted, 0 remain pending
[2023.10.24-12.33.21:359][  0]LogPakFile: Registered encryption key '00000000000000000000000000000000': 0 pak files mounted, 0 remain pending
[2023.10.24-12.33.21:361][  0]LogPakFile: Registered encryption key '00000000000000000000000000000000': 0 pak files mounted, 0 remain pending
[2023.10.24-12.33.21:363][  0]LogPakFile: Registered encryption key '00000000000000000000000000000000': 0 pak files mounted, 0 remain pending
[2023.10.24-12.33.21:365][  0]LogPakFile: Registered encryption key '00000000000000000000000000000000': 0 pak files mounted, 0 remain pending
[2023.10.24-12.33.21:366][  0]LogPakFile: Registered encryption key '00000000000000000000000000000000': 0 pak files mounted, 0 remain pending
[2023.10.24-12.33.21:368][  0]LogPakFile: Registered encryption key '00000000000000000000000000000000': 0 pak files mounted, 0 remain pending
[2023.10.24-12.33.21:370][  0]LogPakFile: Registered encryption key '00000000000000000000000000000000': 0 pak files mounted, 0 remain pending
[2023.10.24-12.33.21:372][  0]LogPakFile: Registered encryption key '00000000000000000000000000000000': 0 pak files mounted, 0 remain pending
[2023.10.24-12.33.21:373][  0]LogPakFile: Registered encryption key '00000000000000000000000000000000': 0 pak files mounted, 0 remain pending
[2023.10.24-12.33.21:375][  0]LogPakFile: Registered encryption key '00000000000000000000000000000000': 0 pak files mounted, 0 remain pending
[2023.10.24-12.33.21:376][  0]LogPakFile: Registered encryption key '00000000000000000000000000000000': 0 pak files mounted, 0 remain pending
[2023.10.24-12.33.21:378][  0]LogPakFile: Registered encryption key '00000000000000000000000000000000': 0 pak files mounted, 0 remain pending
[2023.10.24-12.33.21:380][  0]LogPakFile: Registered encryption key '00000000000000000000000000000000': 0 pak files mounted, 0 remain pending
[2023.10.24-12.33.21:381][  0]LogPakFile: Registered encryption key '00000000000000000000000000000000': 0 pak files mounted, 0 remain pending
[2023.10.24-12.33.21:383][  0]LogPakFile: Registered encryption key '00000000000000000000000000000000': 0 pak files mounted, 0 remain pending
[2023.10.24-12.33.21:385][  0]LogPakFile: Registered encryption key '00000000000000000000000000000000': 0 pak files mounted, 0 remain pending
[2023.10.24-12.33.21:387][  0]LogPakFile: Registered encryption key '00000000000000000000000000000000': 0 pak files mounted, 0 remain pending
[2023.10.24-12.33.21:388][  0]LogPakFile: Registered encryption key '00000000000000000000000000000000': 0 pak files mounted, 0 remain pending
[2023.10.24-12.33.21:390][  0]LogPakFile: Registered encryption key '00000000000000000000000000000000': 0 pak files mounted, 0 remain pending
[2023.10.24-12.33.21:392][  0]LogPakFile: Registered encryption key '00000000000000000000000000000000': 0 pak files mounted, 0 remain pending
[2023.10.24-12.33.21:394][  0]LogPakFile: Registered encryption key '00000000000000000000000000000000': 0 pak files mounted, 0 remain pending
[2023.10.24-12.33.21:395][  0]LogPakFile: Registered encryption key '00000000000000000000000000000000': 0 pak files mounted, 0 remain pending
[2023.10.24-12.33.21:397][  0]LogPakFile: Registered encryption key '00000000000000000000000000000000': 0 pak files mounted, 0 remain pending
[2023.10.24-12.33.21:464][  0]LogContentBrowser: Native class hierarchy updated for 'AddContentDialog' in 0.0005 seconds. Added 0 classes and 0 folders.
[2023.10.24-12.33.21:475][  0]LogContentBrowser: Native class hierarchy updated for 'SceneOutliner' in 0.0004 seconds. Added 1 classes and 2 folders.
[2023.10.24-12.33.21:502][  0]LogSlate: Took 0.000380 seconds to synchronously load lazily loaded font '../../../Engine/Content/Slate/Fonts/Roboto-Regular.ttf' (155K)
[2023.10.24-12.33.21:506][  0]LogSlate: Took 0.000292 seconds to synchronously load lazily loaded font '../../../Engine/Content/Slate/Fonts/Roboto-Bold.ttf' (160K)
[2023.10.24-12.33.21:514][  0]LogSlate: Took 0.000996 seconds to synchronously load lazily loaded font '../../../Engine/Content/Editor/Slate/Fonts/FontAwesome.ttf' (139K)
[2023.10.24-12.33.21:597][  0]LogRenderer: Reallocating scene render targets to support 988x440 Format 10 NumSamples 1 (Frame:1).
[2023.10.24-12.33.21:760][  0]LogSlate: Took 0.001018 seconds to synchronously load lazily loaded font '../../../Engine/Content/Slate/Fonts/Roboto-Light.ttf' (167K)
[2023.10.24-12.33.22:157][  0]LogContentBrowser: Native class hierarchy updated for 'HierarchicalLODOutliner' in 0.0008 seconds. Added 0 classes and 0 folders.
[2023.10.24-12.33.22:157][  0]LogLoad: (Engine Initialization) Total time: 12.43 seconds
[2023.10.24-12.33.22:157][  0]LogLoad: (Engine Initialization) Total Blueprint compile time: 0.00 seconds
[2023.10.24-12.33.22:330][  0]LogAssetRegistry: Asset discovery search completed in 7.9441 seconds
[2023.10.24-12.33.22:334][  0]LogCollectionManager: Rebuilt the object cache for 0 collections in 0.000001 seconds (found 0 objects)
[2023.10.24-12.33.22:334][  0]LogCollectionManager: Fixed up redirectors for 0 collections in 0.000143 seconds (updated 0 objects)
[2023.10.24-12.33.22:339][  0]LogContentStreaming: Texture pool size now 1000 MB
[2023.10.24-12.33.22:406][  1]LogRenderer: Reallocating scene render targets to support 988x460 Format 10 NumSamples 1 (Frame:3).
[2023.10.24-12.33.25:742][142]LogSlate: FSceneViewport::OnFocusLost() reason 2
[2023.10.24-12.33.27:492][274]SourceControl: fatal: D:/Unreal Engine/UE_4.22/Engine/Content: 'D:/Unreal Engine/UE_4.22/Engine/Content' is outside repository at 'D:/Git_Projects/Practise4'
[2023.10.24-12.33.27:615][274]LogSlate: FSceneViewport::OnFocusLost() reason 2
[2023.10.24-12.33.45:008][274]LogSlate: Window 'Submit Files' being destroyed
[2023.10.24-12.33.45:043][274]LogSlate: FSceneViewport::OnFocusLost() reason 2
[2023.10.24-12.33.45:192][274]LogSlate: FSceneViewport::OnFocusLost() reason 2
[2023.10.24-12.33.45:458][274]LogSourceControl: commit successful: [master 6d2cc4d] Actors added
[2023.10.24-12.33.45:592][274]SourceControl: [master 6d2cc4d] Actors added
[2023.10.24-12.33.45:592][274]SourceControl:  3 files changed, 0 insertions(+), 0 deletions(-)
[2023.10.24-12.33.45:592][274]SourceControl:  create mode 100644 Practise4UE/Content/BP_Lamp.uasset
[2023.10.24-12.33.45:592][274]SourceControl:  create mode 100644 Practise4UE/Content/BP_SecondActor.uasset
[2023.10.24-12.33.45:592][274]SourceControl:  create mode 100644 Practise4UE/Content/BP_ThirdActor.uasset
[2023.10.24-12.33.45:609][274]SourceControl: Commited [master 6d2cc4d] Actors added.
[2023.10.24-12.33.48:238][363]LogSlate: FSceneViewport::OnFocusLost() reason 2
[2023.10.24-12.33.49:866][473]SourceControl: fatal: D:/Unreal Engine/UE_4.22/Engine/Content: 'D:/Unreal Engine/UE_4.22/Engine/Content' is outside repository at 'D:/Git_Projects/Practise4'
[2023.10.24-12.33.49:983][473]EditorErrors: Warning: No assets to check in!
